#
# There is insufficient memory for the Java Runtime Environment to continue.
# Native memory allocation (mmap) failed to map 257949696 bytes for G1 virtual space
# Possible reasons:
#   The system is out of physical RAM or swap space
#   The process is running with CompressedOops enabled, and the Java Heap may be blocking the growth of the native heap
# Possible solutions:
#   Reduce memory load on the system
#   Increase physical memory or swap space
#   Check if swap backing store is full
#   Decrease Java heap size (-Xmx/-Xms)
#   Decrease number of Java threads
#   Decrease Java thread stack sizes (-Xss)
#   Set larger code cache with -XX:ReservedCodeCacheSize=
#   JVM is running with Zero Based Compressed Oops mode in which the Java heap is
#     placed in the first 32GB address space. The Java Heap base address is the
#     maximum limit for the native heap growth. Please use -XX:HeapBaseMinAddress
#     to set the Java Heap base and to place the Java Heap above 32GB virtual address.
# This output file may be truncated or incomplete.
#
#  Out of Memory Error (os_windows.cpp:3550), pid=22820, tid=14624
#
# JRE version:  (17.0.7+8) (build )
# Java VM: Java HotSpot(TM) 64-Bit Server VM (17.0.7+8-LTS-224, mixed mode, sharing, tiered, compressed oops, compressed class ptrs, g1 gc, windows-amd64)
# No core dump will be written. Minidumps are not enabled by default on client versions of Windows
#

---------------  S U M M A R Y ------------

Command Line: -Dmaven.multiModuleProjectDirectory=D:\Verification_back\data-verification-back -Djansi.passthrough=true -Dmaven.home=D:/maven/apache-maven-3.9.9 -Dclassworlds.conf=D:\maven\apache-maven-3.9.9\bin\m2.conf -Dmaven.ext.class.path=D:\IDEAnew\IntelliJ IDEA 2025.1\plugins\maven\lib\maven-event-listener.jar -javaagent:D:\IDEAnew\IntelliJ IDEA 2025.1\lib\idea_rt.jar=60832 -Dfile.encoding=UTF-8 org.codehaus.classworlds.Launcher -Didea.version=2025.1 package

Host: AMD Ryzen 7 5800HS Creator Edition, 16 cores, 15G,  Windows 11 , 64 bit Build 22621 (10.0.22621.4974)
Time: Sun Apr 20 19:18:16 2025  Windows 11 , 64 bit Build 22621 (10.0.22621.4974) elapsed time: 0.014271 seconds (0d 0h 0m 0s)

---------------  T H R E A D  ---------------

Current thread (0x000002463c477800):  JavaThread "Unknown thread" [_thread_in_vm, id=14624, stack(0x0000006ea3200000,0x0000006ea3300000)]

Stack: [0x0000006ea3200000,0x0000006ea3300000]
Native frames: (J=compiled Java code, j=interpreted, Vv=VM code, C=native code)
V  [jvm.dll+0x676a4a]
V  [jvm.dll+0x7d74f4]
V  [jvm.dll+0x7d8c9e]
V  [jvm.dll+0x7d9303]
V  [jvm.dll+0x2452c5]
V  [jvm.dll+0x6738f9]
V  [jvm.dll+0x668232]
V  [jvm.dll+0x302826]
V  [jvm.dll+0x309da6]
V  [jvm.dll+0x35952e]
V  [jvm.dll+0x35975f]
V  [jvm.dll+0x2d9a38]
V  [jvm.dll+0x2da9a4]
V  [jvm.dll+0x7a8fb1]
V  [jvm.dll+0x3670e1]
V  [jvm.dll+0x788359]
V  [jvm.dll+0x3ea5ef]
V  [jvm.dll+0x3ec071]
C  [jli.dll+0x5297]
C  [ucrtbase.dll+0x29333]
C  [KERNEL32.DLL+0x1259d]
C  [ntdll.dll+0x5af38]


---------------  P R O C E S S  ---------------

Threads class SMR info:
_java_thread_list=0x00007fff8d944998, length=0, elements={
}

Java Threads: ( => current thread )

Other Threads:
  0x000002463c4dfc70 GCTaskThread "GC Thread#0" [stack: 0x0000006ea3300000,0x0000006ea3400000] [id=28516]
  0x000002463c4f3fb0 ConcurrentGCThread "G1 Main Marker" [stack: 0x0000006ea3400000,0x0000006ea3500000] [id=24704]
  0x000002463c4f5f80 ConcurrentGCThread "G1 Conc#0" [stack: 0x0000006ea3500000,0x0000006ea3600000] [id=24836]

[error occurred during error reporting (printing all threads), id 0xc0000005, EXCEPTION_ACCESS_VIOLATION (0xc0000005) at pc=0x00007fff8d17a697]

VM state: not at safepoint (not fully initialized)

VM Mutex/Monitor currently owned by a thread:  ([mutex/lock_event])
[0x000002463c4739f0] Heap_lock - owner thread: 0x000002463c477800

Heap address: 0x000000070a400000, size: 3932 MB, Compressed Oops mode: Zero based, Oop shift amount: 3

CDS archive(s) mapped at: [0x0000000000000000-0x0000000000000000-0x0000000000000000), size 0, SharedBaseAddress: 0x0000000800000000, ArchiveRelocationMode: 0.
Narrow klass base: 0x0000000000000000, Narrow klass shift: 0, Narrow klass range: 0x0

GC Precious Log:
<Empty>

Heap:
 garbage-first heap   total 0K, used 0K [0x000000070a400000, 0x0000000800000000)
  region size 2048K, 0 young (0K), 0 survivors (0K)

[error occurred during error reporting (printing heap information), id 0xc0000005, EXCEPTION_ACCESS_VIOLATION (0xc0000005) at pc=0x00007fff8d5600b9]

GC Heap History (0 events):
No events

Deoptimization events (0 events):
No events

Classes unloaded (0 events):
No events

Classes redefined (0 events):
No events

Internal exceptions (0 events):
No events

VM Operations (0 events):
No events

Events (1 events):
Event: 0.010 Loaded shared library C:\Program Files\Java\jdk-17\bin\java.dll


Dynamic libraries:
0x00007ff753d80000 - 0x00007ff753d90000 	C:\Program Files\Java\jdk-17\bin\java.exe
0x00007ff87a870000 - 0x00007ff87aa87000 	C:\WINDOWS\SYSTEM32\ntdll.dll
0x00007ff879310000 - 0x00007ff8793d4000 	C:\WINDOWS\System32\KERNEL32.DLL
0x00007ff877ff0000 - 0x00007ff8783c1000 	C:\WINDOWS\System32\KERNELBASE.dll
0x00007ff8779e0000 - 0x00007ff877af1000 	C:\WINDOWS\System32\ucrtbase.dll
0x00007ff861cc0000 - 0x00007ff861cd9000 	C:\Program Files\Java\jdk-17\bin\jli.dll
0x00007ff839280000 - 0x00007ff83929b000 	C:\Program Files\Java\jdk-17\bin\VCRUNTIME140.dll
0x00007ff878af0000 - 0x00007ff878ba1000 	C:\WINDOWS\System32\ADVAPI32.dll
0x00007ff879260000 - 0x00007ff879307000 	C:\WINDOWS\System32\msvcrt.dll
0x00007ff879b70000 - 0x00007ff879c17000 	C:\WINDOWS\System32\sechost.dll
0x00007ff877b00000 - 0x00007ff877b28000 	C:\WINDOWS\System32\bcrypt.dll
0x00007ff879e60000 - 0x00007ff879f74000 	C:\WINDOWS\System32\RPCRT4.dll
0x00007ff879ca0000 - 0x00007ff879e51000 	C:\WINDOWS\System32\USER32.dll
0x00007ff8779b0000 - 0x00007ff8779d6000 	C:\WINDOWS\System32\win32u.dll
0x00007ff879070000 - 0x00007ff879099000 	C:\WINDOWS\System32\GDI32.dll
0x00007ff876d00000 - 0x00007ff876f92000 	C:\WINDOWS\WinSxS\amd64_microsoft.windows.common-controls_6595b64144ccf1df_6.0.22621.4830_none_270fe7d773858e80\COMCTL32.dll
0x00007ff877ed0000 - 0x00007ff877feb000 	C:\WINDOWS\System32\gdi32full.dll
0x00007ff877bb0000 - 0x00007ff877c4a000 	C:\WINDOWS\System32\msvcp_win.dll
0x00007ff870e30000 - 0x00007ff870e3a000 	C:\WINDOWS\SYSTEM32\VERSION.dll
0x00007ff879870000 - 0x00007ff8798a1000 	C:\WINDOWS\System32\IMM32.DLL
0x00007ff870fc0000 - 0x00007ff870fcc000 	C:\Program Files\Java\jdk-17\bin\vcruntime140_1.dll
0x00007ff817f00000 - 0x00007ff817f8e000 	C:\Program Files\Java\jdk-17\bin\msvcp140.dll
0x00007fff8ce90000 - 0x00007fff8da6d000 	C:\Program Files\Java\jdk-17\bin\server\jvm.dll
0x00007ff878540000 - 0x00007ff878548000 	C:\WINDOWS\System32\PSAPI.DLL
0x00007ff872f00000 - 0x00007ff872f09000 	C:\WINDOWS\SYSTEM32\WSOCK32.dll
0x00007ff871a10000 - 0x00007ff871a44000 	C:\WINDOWS\SYSTEM32\WINMM.dll
0x00007ff879c20000 - 0x00007ff879c91000 	C:\WINDOWS\System32\WS2_32.dll
0x00007ff876470000 - 0x00007ff876488000 	C:\WINDOWS\SYSTEM32\kernel.appcore.dll
0x00007ff85d4e0000 - 0x00007ff85d4ea000 	C:\Program Files\Java\jdk-17\bin\jimage.dll
0x00007ff877290000 - 0x00007ff8774c2000 	C:\WINDOWS\SYSTEM32\DBGHELP.DLL
0x00007ff878710000 - 0x00007ff878aa0000 	C:\WINDOWS\System32\combase.dll
0x00007ff878c90000 - 0x00007ff878d67000 	C:\WINDOWS\System32\OLEAUT32.dll
0x00007ff877180000 - 0x00007ff8771b2000 	C:\WINDOWS\SYSTEM32\dbgcore.DLL
0x00007ff877b30000 - 0x00007ff877bab000 	C:\WINDOWS\System32\bcryptPrimitives.dll
0x00007ff85cf30000 - 0x00007ff85cf3e000 	C:\Program Files\Java\jdk-17\bin\instrument.dll
0x00007ff839250000 - 0x00007ff839275000 	C:\Program Files\Java\jdk-17\bin\java.dll

dbghelp: loaded successfully - version: 4.0.5 - missing functions: none
symbol engine: initialized successfully - sym options: 0x614 - pdb path: .;C:\Program Files\Java\jdk-17\bin;C:\WINDOWS\SYSTEM32;C:\WINDOWS\WinSxS\amd64_microsoft.windows.common-controls_6595b64144ccf1df_6.0.22621.4830_none_270fe7d773858e80;C:\Program Files\Java\jdk-17\bin\server

VM Arguments:
jvm_args: -Dmaven.multiModuleProjectDirectory=D:\Verification_back\data-verification-back -Djansi.passthrough=true -Dmaven.home=D:/maven/apache-maven-3.9.9 -Dclassworlds.conf=D:\maven\apache-maven-3.9.9\bin\m2.conf -Dmaven.ext.class.path=D:\IDEAnew\IntelliJ IDEA 2025.1\plugins\maven\lib\maven-event-listener.jar -javaagent:D:\IDEAnew\IntelliJ IDEA 2025.1\lib\idea_rt.jar=60832 -Dfile.encoding=UTF-8 
java_command: org.codehaus.classworlds.Launcher -Didea.version=2025.1 package
java_class_path (initial): D:\maven\apache-maven-3.9.9\boot\plexus-classworlds-2.8.0.jar;D:\maven\apache-maven-3.9.9\boot\plexus-classworlds.license
Launcher Type: SUN_STANDARD

[Global flags]
     intx CICompilerCount                          = 12                                        {product} {ergonomic}
     uint ConcGCThreads                            = 3                                         {product} {ergonomic}
     uint G1ConcRefinementThreads                  = 13                                        {product} {ergonomic}
   size_t G1HeapRegionSize                         = 2097152                                   {product} {ergonomic}
    uintx GCDrainStackTargetSize                   = 64                                        {product} {ergonomic}
   size_t InitialHeapSize                          = 257949696                                 {product} {ergonomic}
   size_t MarkStackSize                            = 4194304                                   {product} {ergonomic}
   size_t MaxHeapSize                              = 4123000832                                {product} {ergonomic}
   size_t MinHeapDeltaBytes                        = 2097152                                   {product} {ergonomic}
   size_t MinHeapSize                              = 8388608                                   {product} {ergonomic}
    uintx NonNMethodCodeHeapSize                   = 7602480                                {pd product} {ergonomic}
    uintx NonProfiledCodeHeapSize                  = 122027880                              {pd product} {ergonomic}
    uintx ProfiledCodeHeapSize                     = 122027880                              {pd product} {ergonomic}
    uintx ReservedCodeCacheSize                    = 251658240                              {pd product} {ergonomic}
     bool SegmentedCodeCache                       = true                                      {product} {ergonomic}
   size_t SoftMaxHeapSize                          = 4123000832                             {manageable} {ergonomic}
     bool UseCompressedClassPointers               = true                           {product lp64_product} {ergonomic}
     bool UseCompressedOops                        = true                           {product lp64_product} {ergonomic}
     bool UseG1GC                                  = true                                      {product} {ergonomic}
     bool UseLargePagesIndividualAllocation        = false                                  {pd product} {ergonomic}

Logging:
Log output configuration:
 #0: stdout all=warning uptime,level,tags
 #1: stderr all=off uptime,level,tags

Environment Variables:
CLASSPATH=.;%JAVA_HOME%\lib\dt.jar;%JAVA_HOME%\lib\tools.jar
PATH=C:\Program Files\Common Files\Oracle\Java\javapath;D:\DevC++\bin\;D:\DevC++\Git\cmd;D:\node.js\;C:\Windows\System32;D:\MatLab\bin;C:\Program Files\dotnet\;D:\xshell\;D:\Windows Kits\10\Windows Performance Toolkit\;C:\Program Files\MySQL\MySQL Server 8.0\bin;D:\GOLANG\bin;C:\WINDOWS\System32\OpenSSH\;C:\Program Files (x86)\Microsoft SQL Server\160\Tools\Binn\;C:\Program Files\Microsoft SQL Server\160\Tools\Binn\;C:\Program Files\Microsoft SQL Server\Client SDK\ODBC\170\Tools\Binn\;C:\Program Files\Microsoft SQL Server\160\DTS\Binn\;C:\Program Files (x86)\Microsoft SQL Server\160\DTS\Binn\;D:\xshell2\;D:\maven\apache-maven-3.9.9\bin;D:\CTex\UserData\miktex\bin;D:\CTex\MiKTeX\miktex\bin\x64;D:\CTex\CTeX\ctex\bin;D:\CTex\CTeX\cct\bin;D:\CTex\CTeX\ty\bin;D:\CTex\Ghostscript\gs10.01.1\bin;D:\CTex\WinEdt;D:\xftp\;D:\DevC++\anaconda;D:\DevC++\anaconda\Library\mingw-w64\bin;D:\DevC++\anaconda\Library\usr\bin;D:\DevC++\anaconda\Library\bin;D:\DevC++\anaconda\Scripts;C:\Users\麮髍苤粥\AppData\Local\Microsoft\WindowsApps;D:\Dev C++\pycharm\PyCharm Community Edition 2023.1.1\bin;;D:\DevC++\Microsoft VS Code\bin;D:\DevC++\python\Scripts;D:\Go\bin;D:\Dev C++\Microsoft VS Code\bin;C:\Users\麮髍苤粥\AppData\Roaming\npm;C:\Users\麮髍苤粥\AppData\Local\GitHubDesktop\bin;D:\陔膘恅璃標 (4)\phpstromruanjian\PhpStorm 2020.1\bin;;D:\IDEA\IntelliJ IDEA 2024.2.0.1\bin;;C:\Users\麮髍苤粥\.dotnet\tools;C:\Users\麮髍苤粥\go\bin;D:\GOLANG\GoProject\bin;D:\GOLANG\bin;
USERNAME=麮髍苤粥
OS=Windows_NT
PROCESSOR_IDENTIFIER=AMD64 Family 25 Model 80 Stepping 0, AuthenticAMD



---------------  S Y S T E M  ---------------

OS:
 Windows 11 , 64 bit Build 22621 (10.0.22621.4974)
OS uptime: 3 days 21:41 hours

CPU: total 16 (initial active 16) (16 cores per cpu, 2 threads per core) family 25 model 80 stepping 0 microcode 0x0, cx8, cmov, fxsr, ht, mmx, 3dnowpref, sse, sse2, sse3, ssse3, sse4a, sse4.1, sse4.2, popcnt, lzcnt, tsc, tscinvbit, avx, avx2, aes, erms, clmul, bmi1, bmi2, adx, sha, fma, vzeroupper, clflush, clflushopt

Memory: 4k page, system-wide physical 15724M (1129M free)
TotalPageFile size 25964M (AvailPageFile size 68M)
current process WorkingSet (physical memory assigned to process): 11M, peak: 11M
current process commit charge ("private bytes"): 70M, peak: 316M

vm_info: Java HotSpot(TM) 64-Bit Server VM (17.0.7+8-LTS-224) for windows-amd64 JRE (17.0.7+8-LTS-224), built on Feb 28 2023 23:03:02 by "mach5one" with MS VC++ 17.1 (VS2022)

END.
